<!DOCTYPE html>

<html>
  <head>
  <meta charset='utf-8'>
  <title>TestNG reports</title>

    <link type="text/css" href="testng-reports1.css" rel="stylesheet" id="ultra" />
    <link type="text/css" href="testng-reports.css" rel="stylesheet" id="retro" disabled="false"/>
    <script type="text/javascript" src="jquery-3.6.0.min.js"></script>
    <script type="text/javascript" src="testng-reports.js"></script>
    <script type="text/javascript" src="https://www.google.com/jsapi"></script>
    <script type='text/javascript'>
      google.load('visualization', '1', {packages:['table']});
      google.setOnLoadCallback(drawTable);
      var suiteTableInitFunctions = new Array();
      var suiteTableData = new Array();
    </script>
    <!--
      <script type="text/javascript" src="jquery-ui/js/jquery-ui-1.8.16.custom.min.js"></script>
     -->
  </head>

  <body>    <div class="top-banner-root">
      <span class="top-banner-title-font">Test results</span>
      <button id="button" class="button">Switch Retro Theme</button> <!-- button -->
      <br/>
      <span class="top-banner-font-1">1 suite, 1 failed test</span>
    </div> <!-- top-banner-root -->
    <div class="navigator-root">
      <div class="navigator-suite-header">
        <span>All suites</span>
        <a href="#" title="Collapse/expand all the suites" class="collapse-all-link">
          <img src="collapseall.gif" class="collapse-all-icon">
          </img> <!-- collapse-all-icon -->
        </a> <!-- collapse-all-link -->
      </div> <!-- navigator-suite-header -->
      <div class="suite">
        <div class="rounded-window">
          <div class="suite-header light-rounded-window-top">
            <a href="#" panel-name="suite-All_Test_Suite" class="navigator-link">
              <span class="suite-name border-failed">All Test Suite</span>
            </a> <!-- navigator-link -->
          </div> <!-- suite-header light-rounded-window-top -->
          <div class="navigator-suite-content">
            <div class="suite-section-title">
              <span>Info</span>
            </div> <!-- suite-section-title -->
            <div class="suite-section-content">
              <ul>
                <li>
                  <a href="#" panel-name="test-xml-All_Test_Suite" class="navigator-link ">
                    <span>testng.xml</span>
                  </a> <!-- navigator-link  -->
                </li>
                <li>
                  <a href="#" panel-name="testlist-All_Test_Suite" class="navigator-link ">
                    <span class="test-stats">1 test</span>
                  </a> <!-- navigator-link  -->
                </li>
                <li>
                  <a href="#" panel-name="group-All_Test_Suite" class="navigator-link ">
                    <span>0 groups</span>
                  </a> <!-- navigator-link  -->
                </li>
                <li>
                  <a href="#" panel-name="times-All_Test_Suite" class="navigator-link ">
                    <span>Times</span>
                  </a> <!-- navigator-link  -->
                </li>
                <li>
                  <a href="#" panel-name="reporter-All_Test_Suite" class="navigator-link ">
                    <span>Reporter output</span>
                  </a> <!-- navigator-link  -->
                </li>
                <li>
                  <a href="#" panel-name="ignored-methods-All_Test_Suite" class="navigator-link ">
                    <span>Ignored methods</span>
                  </a> <!-- navigator-link  -->
                </li>
                <li>
                  <a href="#" panel-name="chronological-All_Test_Suite" class="navigator-link ">
                    <span>Chronological view</span>
                  </a> <!-- navigator-link  -->
                </li>
              </ul>
            </div> <!-- suite-section-content -->
            <div class="result-section">
              <div class="suite-section-title">
                <span>Results</span>
              </div> <!-- suite-section-title -->
              <div class="suite-section-content">
                <ul>
                  <li>
                    <span class="method-stats">7 methods, 1 failed,   6 passed</span>
                  </li>
                  <li>
                    <span class="method-list-title failed">Failed methods</span>
                    <span class="show-or-hide-methods failed">
                      <a href="#" panel-name="suite-All_Test_Suite" class="hide-methods failed suite-All_Test_Suite"> (hide)</a> <!-- hide-methods failed suite-All_Test_Suite -->
                      <a href="#" panel-name="suite-All_Test_Suite" class="show-methods failed suite-All_Test_Suite"> (show)</a> <!-- show-methods failed suite-All_Test_Suite -->
                    </span>
                    <div class="method-list-content failed suite-All_Test_Suite">
                      <span>
                        <img src="failed.png" width="3%"/>
                        <a href="#" panel-name="suite-All_Test_Suite" title="gui.tests.profile.UploadPictureTest" class="method navigator-link" hash-for-method="verifyUserCanUpdateProfilePicture(gandalf, thegray, /Users/dmuser/Desktop/TAF/src/test/resources/upload/testUpload.jpg)">verifyUserCanUpdateProfilePicture(gandalf, thegray, /Users/dmuser/Desktop/TAF/src/test/resources/upload/testUpload.jpg)</a> <!-- method navigator-link -->
                      </span>
                      <br/>
                    </div> <!-- method-list-content failed suite-All_Test_Suite -->
                  </li>
                  <li>
                    <span class="method-list-title passed">Passed methods</span>
                    <span class="show-or-hide-methods passed">
                      <a href="#" panel-name="suite-All_Test_Suite" class="hide-methods passed suite-All_Test_Suite"> (hide)</a> <!-- hide-methods passed suite-All_Test_Suite -->
                      <a href="#" panel-name="suite-All_Test_Suite" class="show-methods passed suite-All_Test_Suite"> (show)</a> <!-- show-methods passed suite-All_Test_Suite -->
                    </span>
                    <div class="method-list-content passed suite-All_Test_Suite">
                      <span>
                        <img src="passed.png" width="3%"/>
                        <a href="#" panel-name="suite-All_Test_Suite" title="gui.tests.profile.UpdateProfileInfoTest" class="method navigator-link" hash-for-method="verifyUserCanEditProfilePublicInfo">verifyUserCanEditProfilePublicInfo</a> <!-- method navigator-link -->
                      </span>
                      <br/>
                      <span>
                        <img src="passed.png" width="3%"/>
                        <a href="#" panel-name="suite-All_Test_Suite" title="gui.tests.post.LikePostImageTest" class="method navigator-link" hash-for-method="verifyUserCanLikeFirstImage">verifyUserCanLikeFirstImage</a> <!-- method navigator-link -->
                      </span>
                      <br/>
                      <span>
                        <img src="passed.png" width="3%"/>
                        <a href="#" panel-name="suite-All_Test_Suite" title="gui.tests.login.LoginTest" class="method navigator-link" hash-for-method="verifyUserCanNavigateToLoginPageViaNavigationLoginButton">verifyUserCanNavigateToLoginPageViaNavigationLoginButton</a> <!-- method navigator-link -->
                      </span>
                      <br/>
                      <span>
                        <img src="passed.png" width="3%"/>
                        <a href="#" panel-name="suite-All_Test_Suite" title="gui.tests.registration.RegistrationTest" class="method navigator-link" hash-for-method="verifyUserCanRegisterWithValidData">verifyUserCanRegisterWithValidData</a> <!-- method navigator-link -->
                      </span>
                      <br/>
                      <span>
                        <img src="passed.png" width="3%"/>
                        <a href="#" panel-name="suite-All_Test_Suite" title="gui.tests.registration.HandleErrorsRegistrationTest" class="method navigator-link" hash-for-method="verifyUserCannotRegisterWithLessThanSixCharsPassword">verifyUserCannotRegisterWithLessThanSixCharsPassword</a> <!-- method navigator-link -->
                      </span>
                      <br/>
                      <span>
                        <img src="passed.png" width="3%"/>
                        <a href="#" panel-name="suite-All_Test_Suite" title="gui.tests.registration.HandleErrorsRegistrationTest" class="method navigator-link" hash-for-method="verifyUserCannotRegisterWithOneCharUsername">verifyUserCannotRegisterWithOneCharUsername</a> <!-- method navigator-link -->
                      </span>
                      <br/>
                    </div> <!-- method-list-content passed suite-All_Test_Suite -->
                  </li>
                </ul>
              </div> <!-- suite-section-content -->
            </div> <!-- result-section -->
          </div> <!-- navigator-suite-content -->
        </div> <!-- rounded-window -->
      </div> <!-- suite -->
    </div> <!-- navigator-root -->
    <div class="wrapper">
      <div class="main-panel-root">
        <div panel-name="suite-All_Test_Suite" class="panel All_Test_Suite">
          <div class="suite-All_Test_Suite-class-failed">
            <div class="main-panel-header rounded-window-top">
              <img src="failed.png"/>
              <span class="class-name">gui.tests.profile.UploadPictureTest</span>
            </div> <!-- main-panel-header rounded-window-top -->
            <div class="main-panel-content rounded-window-bottom">
              <div class="method">
                <div class="method-content">
                  <a name="verifyUserCanUpdateProfilePicture(gandalf, thegray, /Users/dmuser/Desktop/TAF/src/test/resources/upload/testUpload.jpg)">
                  </a> <!-- verifyUserCanUpdateProfilePicture(gandalf, thegray, /Users/dmuser/Desktop/TAF/src/test/resources/upload/testUpload.jpg) -->
                  <span class="method-name">verifyUserCanUpdateProfilePicture</span>
                  <span class="parameters">(gandalf,thegray,/Users/dmuser/Desktop/TAF/src/test/resources/upload/testUpload.jpg)</span>
                  <div class="stack-trace">org.openqa.selenium.NoSuchElementException: no such element: Unable to locate element: {&quot;method&quot;:&quot;css selector&quot;,&quot;selector&quot;:&quot;.file[type=&apos;file&apos;]&quot;}
  (Session info: chrome=125.0.6422.142)
For documentation on this error, please visit: https://www.selenium.dev/documentation/webdriver/troubleshooting/errors#no-such-element-exception
Build info: version: &apos;4.21.0&apos;, revision: &apos;79ed462ef4&apos;
System info: os.name: &apos;Mac OS X&apos;, os.arch: &apos;x86_64&apos;, os.version: &apos;11.4&apos;, java.version: &apos;16.0.1&apos;
Driver info: org.openqa.selenium.chrome.ChromeDriver
Command: [4a78b29f156e9ed5b22e24b6fca30c72, findElement {using=css selector, value=.file[type=&apos;file&apos;]}]
Capabilities {acceptInsecureCerts: false, browserName: chrome, browserVersion: 125.0.6422.142, chrome: {chromedriverVersion: 125.0.6422.76 (67dcf7562b8f..., userDataDir: /var/folders/g1/lv30nyfj2lz...}, fedcm:accounts: true, goog:chromeOptions: {debuggerAddress: localhost:58587}, networkConnectionEnabled: false, pageLoadStrategy: normal, platformName: mac, proxy: Proxy(), se:cdp: ws://localhost:58587/devtoo..., se:cdpVersion: 125.0.6422.142, setWindowRect: true, strictFileInteractability: false, timeouts: {implicit: 0, pageLoad: 300000, script: 30000}, unhandledPromptBehavior: dismiss and notify, webauthn:extension:credBlob: true, webauthn:extension:largeBlob: true, webauthn:extension:minPinLength: true, webauthn:extension:prf: true, webauthn:virtualAuthenticators: true}
Session ID: 4a78b29f156e9ed5b22e24b6fca30c72
	at java.base/jdk.internal.reflect.NativeConstructorAccessorImpl.newInstance0(Native Method)
	at java.base/jdk.internal.reflect.NativeConstructorAccessorImpl.newInstance(NativeConstructorAccessorImpl.java:78)
	at java.base/jdk.internal.reflect.DelegatingConstructorAccessorImpl.newInstance(DelegatingConstructorAccessorImpl.java:45)
	at java.base/java.lang.reflect.Constructor.newInstanceWithCaller(Constructor.java:499)
	at java.base/java.lang.reflect.Constructor.newInstance(Constructor.java:480)
	at org.openqa.selenium.remote.ErrorCodec.decode(ErrorCodec.java:167)
	at org.openqa.selenium.remote.codec.w3c.W3CHttpResponseCodec.decode(W3CHttpResponseCodec.java:138)
	at org.openqa.selenium.remote.codec.w3c.W3CHttpResponseCodec.decode(W3CHttpResponseCodec.java:50)
	at org.openqa.selenium.remote.HttpCommandExecutor.execute(HttpCommandExecutor.java:190)
	at org.openqa.selenium.remote.service.DriverCommandExecutor.invokeExecute(DriverCommandExecutor.java:216)
	at org.openqa.selenium.remote.service.DriverCommandExecutor.execute(DriverCommandExecutor.java:174)
	at org.openqa.selenium.remote.RemoteWebDriver.execute(RemoteWebDriver.java:518)
	at org.openqa.selenium.remote.ElementLocation$ElementFinder$2.findElement(ElementLocation.java:165)
	at org.openqa.selenium.remote.ElementLocation.findElement(ElementLocation.java:59)
	at org.openqa.selenium.remote.RemoteWebDriver.findElement(RemoteWebDriver.java:355)
	at org.openqa.selenium.remote.RemoteWebDriver.findElement(RemoteWebDriver.java:349)
	at org.openqa.selenium.support.pagefactory.DefaultElementLocator.findElement(DefaultElementLocator.java:68)
	at org.openqa.selenium.support.pagefactory.internal.LocatingElementHandler.invoke(LocatingElementHandler.java:38)
	at jdk.proxy2/jdk.proxy2.$Proxy29.sendKeys(Unknown Source)
	at com.skilo.POM.PostPage.uploadPicture(PostPage.java:50)
	at gui.tests.profile.UploadPictureTest.verifyUserCanUpdateProfilePicture(UploadPictureTest.java:65)
	at java.base/jdk.internal.reflect.NativeMethodAccessorImpl.invoke0(Native Method)
	at java.base/jdk.internal.reflect.NativeMethodAccessorImpl.invoke(NativeMethodAccessorImpl.java:78)
	at java.base/jdk.internal.reflect.DelegatingMethodAccessorImpl.invoke(DelegatingMethodAccessorImpl.java:43)
	at java.base/java.lang.reflect.Method.invoke(Method.java:567)
	at org.testng.internal.invokers.MethodInvocationHelper.invokeMethod(MethodInvocationHelper.java:139)
	at org.testng.internal.invokers.TestInvoker.invokeMethod(TestInvoker.java:677)
	at org.testng.internal.invokers.TestInvoker.invokeTestMethod(TestInvoker.java:221)
	at org.testng.internal.invokers.MethodRunner.runInSequence(MethodRunner.java:50)
	at org.testng.internal.invokers.TestInvoker$MethodInvocationAgent.invoke(TestInvoker.java:969)
	at org.testng.internal.invokers.TestInvoker.invokeTestMethods(TestInvoker.java:194)
	at org.testng.internal.invokers.TestMethodWorker.invokeTestMethods(TestMethodWorker.java:148)
	at org.testng.internal.invokers.TestMethodWorker.run(TestMethodWorker.java:128)
	at java.base/java.util.ArrayList.forEach(ArrayList.java:1511)
	at org.testng.TestRunner.privateRun(TestRunner.java:829)
	at org.testng.TestRunner.run(TestRunner.java:602)
	at org.testng.SuiteRunner.runTest(SuiteRunner.java:437)
	at org.testng.SuiteRunner.runSequentially(SuiteRunner.java:431)
	at org.testng.SuiteRunner.privateRun(SuiteRunner.java:391)
	at org.testng.SuiteRunner.run(SuiteRunner.java:330)
	at org.testng.SuiteRunnerWorker.runSuite(SuiteRunnerWorker.java:52)
	at org.testng.SuiteRunnerWorker.run(SuiteRunnerWorker.java:95)
	at org.testng.TestNG.runSuitesSequentially(TestNG.java:1256)
	at org.testng.TestNG.runSuitesLocally(TestNG.java:1176)
	at org.testng.TestNG.runSuites(TestNG.java:1099)
	at org.testng.TestNG.run(TestNG.java:1067)
	at org.apache.maven.surefire.testng.TestNGExecutor.run(TestNGExecutor.java:324)
	at org.apache.maven.surefire.testng.TestNGXmlTestSuite.execute(TestNGXmlTestSuite.java:74)
	at org.apache.maven.surefire.testng.TestNGProvider.invoke(TestNGProvider.java:123)
	at org.apache.maven.surefire.booter.ForkedBooter.runSuitesInProcess(ForkedBooter.java:456)
	at org.apache.maven.surefire.booter.ForkedBooter.execute(ForkedBooter.java:169)
	at org.apache.maven.surefire.booter.ForkedBooter.run(ForkedBooter.java:595)
	at org.apache.maven.surefire.booter.ForkedBooter.main(ForkedBooter.java:581)

</div> <!-- stack-trace -->
                </div> <!-- method-content -->
              </div> <!-- method -->
            </div> <!-- main-panel-content rounded-window-bottom -->
          </div> <!-- suite-All_Test_Suite-class-failed -->
          <div class="suite-All_Test_Suite-class-passed">
            <div class="main-panel-header rounded-window-top">
              <img src="passed.png"/>
              <span class="class-name">gui.tests.profile.UpdateProfileInfoTest</span>
            </div> <!-- main-panel-header rounded-window-top -->
            <div class="main-panel-content rounded-window-bottom">
              <div class="method">
                <div class="method-content">
                  <a name="verifyUserCanEditProfilePublicInfo">
                  </a> <!-- verifyUserCanEditProfilePublicInfo -->
                  <span class="method-name">verifyUserCanEditProfilePublicInfo</span>
                </div> <!-- method-content -->
              </div> <!-- method -->
            </div> <!-- main-panel-content rounded-window-bottom -->
          </div> <!-- suite-All_Test_Suite-class-passed -->
          <div class="suite-All_Test_Suite-class-passed">
            <div class="main-panel-header rounded-window-top">
              <img src="passed.png"/>
              <span class="class-name">gui.tests.registration.RegistrationTest</span>
            </div> <!-- main-panel-header rounded-window-top -->
            <div class="main-panel-content rounded-window-bottom">
              <div class="method">
                <div class="method-content">
                  <a name="verifyUserCanRegisterWithValidData">
                  </a> <!-- verifyUserCanRegisterWithValidData -->
                  <span class="method-name">verifyUserCanRegisterWithValidData</span>
                </div> <!-- method-content -->
              </div> <!-- method -->
            </div> <!-- main-panel-content rounded-window-bottom -->
          </div> <!-- suite-All_Test_Suite-class-passed -->
          <div class="suite-All_Test_Suite-class-passed">
            <div class="main-panel-header rounded-window-top">
              <img src="passed.png"/>
              <span class="class-name">gui.tests.registration.HandleErrorsRegistrationTest</span>
            </div> <!-- main-panel-header rounded-window-top -->
            <div class="main-panel-content rounded-window-bottom">
              <div class="method">
                <div class="method-content">
                  <a name="verifyUserCannotRegisterWithLessThanSixCharsPassword">
                  </a> <!-- verifyUserCannotRegisterWithLessThanSixCharsPassword -->
                  <span class="method-name">verifyUserCannotRegisterWithLessThanSixCharsPassword</span>
                </div> <!-- method-content -->
              </div> <!-- method -->
              <div class="method">
                <div class="method-content">
                  <a name="verifyUserCannotRegisterWithOneCharUsername">
                  </a> <!-- verifyUserCannotRegisterWithOneCharUsername -->
                  <span class="method-name">verifyUserCannotRegisterWithOneCharUsername</span>
                </div> <!-- method-content -->
              </div> <!-- method -->
            </div> <!-- main-panel-content rounded-window-bottom -->
          </div> <!-- suite-All_Test_Suite-class-passed -->
          <div class="suite-All_Test_Suite-class-passed">
            <div class="main-panel-header rounded-window-top">
              <img src="passed.png"/>
              <span class="class-name">gui.tests.post.LikePostImageTest</span>
            </div> <!-- main-panel-header rounded-window-top -->
            <div class="main-panel-content rounded-window-bottom">
              <div class="method">
                <div class="method-content">
                  <a name="verifyUserCanLikeFirstImage">
                  </a> <!-- verifyUserCanLikeFirstImage -->
                  <span class="method-name">verifyUserCanLikeFirstImage</span>
                </div> <!-- method-content -->
              </div> <!-- method -->
            </div> <!-- main-panel-content rounded-window-bottom -->
          </div> <!-- suite-All_Test_Suite-class-passed -->
          <div class="suite-All_Test_Suite-class-passed">
            <div class="main-panel-header rounded-window-top">
              <img src="passed.png"/>
              <span class="class-name">gui.tests.login.LoginTest</span>
            </div> <!-- main-panel-header rounded-window-top -->
            <div class="main-panel-content rounded-window-bottom">
              <div class="method">
                <div class="method-content">
                  <a name="verifyUserCanNavigateToLoginPageViaNavigationLoginButton">
                  </a> <!-- verifyUserCanNavigateToLoginPageViaNavigationLoginButton -->
                  <span class="method-name">verifyUserCanNavigateToLoginPageViaNavigationLoginButton</span>
                </div> <!-- method-content -->
              </div> <!-- method -->
            </div> <!-- main-panel-content rounded-window-bottom -->
          </div> <!-- suite-All_Test_Suite-class-passed -->
        </div> <!-- panel All_Test_Suite -->
        <div panel-name="test-xml-All_Test_Suite" class="panel">
          <div class="main-panel-header rounded-window-top">
            <span class="header-content">/Users/dmuser/Desktop/TAF/testng.xml</span>
          </div> <!-- main-panel-header rounded-window-top -->
          <div class="main-panel-content rounded-window-bottom">
            <pre>
&lt;?xml version=&quot;1.0&quot; encoding=&quot;UTF-8&quot;?&gt;
&lt;!DOCTYPE suite SYSTEM &quot;https://testng.org/testng-1.0.dtd&quot;&gt;
&lt;suite name=&quot;All Test Suite&quot; guice-stage=&quot;DEVELOPMENT&quot; verbose=&quot;0&quot;&gt;
  &lt;test thread-count=&quot;5&quot; name=&quot;/Users/dmuser/Desktop/TAF&quot; verbose=&quot;2&quot;&gt;
    &lt;classes&gt;
      &lt;class name=&quot;gui.tests.login.LoginTest&quot;&gt;
        &lt;methods&gt;
          &lt;include name=&quot;verifyUserCanNavigateToLoginPageViaNavigationLoginButton&quot;/&gt;
        &lt;/methods&gt;
      &lt;/class&gt; &lt;!-- gui.tests.login.LoginTest --&gt;
      &lt;class name=&quot;gui.tests.post.LikePostImageTest&quot;&gt;
        &lt;methods&gt;
          &lt;include name=&quot;verifyUserCanLikeFirstImage&quot;/&gt;
        &lt;/methods&gt;
      &lt;/class&gt; &lt;!-- gui.tests.post.LikePostImageTest --&gt;
      &lt;class name=&quot;gui.tests.profile.UpdateProfileInfoTest&quot;&gt;
        &lt;methods&gt;
          &lt;include name=&quot;verifyUserCanEditProfilePublicInfo&quot;/&gt;
        &lt;/methods&gt;
      &lt;/class&gt; &lt;!-- gui.tests.profile.UpdateProfileInfoTest --&gt;
      &lt;class name=&quot;gui.tests.profile.UploadPictureTest&quot;&gt;
        &lt;methods&gt;
          &lt;include name=&quot;verifyUserCanUpdateProfilePicture&quot;/&gt;
        &lt;/methods&gt;
      &lt;/class&gt; &lt;!-- gui.tests.profile.UploadPictureTest --&gt;
      &lt;class name=&quot;gui.tests.registration.HandleErrorsRegistrationTest&quot;&gt;
        &lt;methods&gt;
          &lt;include name=&quot;verifyUserCannotRegisterWithOneCharUsername&quot;/&gt;
          &lt;include name=&quot;verifyUserCannotRegisterWithLessThanSixCharsPassword&quot;/&gt;
        &lt;/methods&gt;
      &lt;/class&gt; &lt;!-- gui.tests.registration.HandleErrorsRegistrationTest --&gt;
      &lt;class name=&quot;gui.tests.registration.RegistrationTest&quot;&gt;
        &lt;methods&gt;
          &lt;include name=&quot;verifyUserCanRegisterWithValidData&quot;/&gt;
        &lt;/methods&gt;
      &lt;/class&gt; &lt;!-- gui.tests.registration.RegistrationTest --&gt;
    &lt;/classes&gt;
  &lt;/test&gt; &lt;!-- /Users/dmuser/Desktop/TAF --&gt;
&lt;/suite&gt; &lt;!-- All Test Suite --&gt;
            </pre>
          </div> <!-- main-panel-content rounded-window-bottom -->
        </div> <!-- panel -->
        <div panel-name="testlist-All_Test_Suite" class="panel">
          <div class="main-panel-header rounded-window-top">
            <span class="header-content">Tests for All Test Suite</span>
          </div> <!-- main-panel-header rounded-window-top -->
          <div class="main-panel-content rounded-window-bottom">
            <ul>
              <li>
                <span class="test-name">/Users/dmuser/Desktop/TAF (6 classes)</span>
              </li>
            </ul>
          </div> <!-- main-panel-content rounded-window-bottom -->
        </div> <!-- panel -->
        <div panel-name="group-All_Test_Suite" class="panel">
          <div class="main-panel-header rounded-window-top">
            <span class="header-content">Groups for All Test Suite</span>
          </div> <!-- main-panel-header rounded-window-top -->
          <div class="main-panel-content rounded-window-bottom">
          </div> <!-- main-panel-content rounded-window-bottom -->
        </div> <!-- panel -->
        <div panel-name="times-All_Test_Suite" class="panel">
          <div class="main-panel-header rounded-window-top">
            <span class="header-content">Times for All Test Suite</span>
          </div> <!-- main-panel-header rounded-window-top -->
          <div class="main-panel-content rounded-window-bottom">
            <div class="times-div">
              <script type="text/javascript">
suiteTableInitFunctions.push('tableData_All_Test_Suite');
function tableData_All_Test_Suite() {
var data = new google.visualization.DataTable();
data.addColumn('number', 'Number');
data.addColumn('string', 'Method');
data.addColumn('string', 'Class');
data.addColumn('number', 'Time (ms)');
data.addRows(7);
data.setCell(0, 0, 0)
data.setCell(0, 1, 'verifyUserCanUpdateProfilePicture')
data.setCell(0, 2, 'gui.tests.profile.UploadPictureTest')
data.setCell(0, 3, 36351);
data.setCell(1, 0, 1)
data.setCell(1, 1, 'verifyUserCannotRegisterWithOneCharUsername')
data.setCell(1, 2, 'gui.tests.registration.HandleErrorsRegistrationTest')
data.setCell(1, 3, 35103);
data.setCell(2, 0, 2)
data.setCell(2, 1, 'verifyUserCannotRegisterWithLessThanSixCharsPassword')
data.setCell(2, 2, 'gui.tests.registration.HandleErrorsRegistrationTest')
data.setCell(2, 3, 35096);
data.setCell(3, 0, 3)
data.setCell(3, 1, 'verifyUserCanEditProfilePublicInfo')
data.setCell(3, 2, 'gui.tests.profile.UpdateProfileInfoTest')
data.setCell(3, 3, 32771);
data.setCell(4, 0, 4)
data.setCell(4, 1, 'verifyUserCanRegisterWithValidData')
data.setCell(4, 2, 'gui.tests.registration.RegistrationTest')
data.setCell(4, 3, 30001);
data.setCell(5, 0, 5)
data.setCell(5, 1, 'verifyUserCanNavigateToLoginPageViaNavigationLoginButton')
data.setCell(5, 2, 'gui.tests.login.LoginTest')
data.setCell(5, 3, 24792);
data.setCell(6, 0, 6)
data.setCell(6, 1, 'verifyUserCanLikeFirstImage')
data.setCell(6, 2, 'gui.tests.post.LikePostImageTest')
data.setCell(6, 3, 24562);
window.suiteTableData['All_Test_Suite']= { tableData: data, tableDiv: 'times-div-All_Test_Suite'}
return data;
}
              </script>
              <span class="suite-total-time">Total running time: 3 minutes</span>
              <div id="times-div-All_Test_Suite">
              </div> <!-- times-div-All_Test_Suite -->
            </div> <!-- times-div -->
          </div> <!-- main-panel-content rounded-window-bottom -->
        </div> <!-- panel -->
        <div panel-name="reporter-All_Test_Suite" class="panel">
          <div class="main-panel-header rounded-window-top">
            <span class="header-content">Reporter output for All Test Suite</span>
          </div> <!-- main-panel-header rounded-window-top -->
          <div class="main-panel-content rounded-window-bottom">
          </div> <!-- main-panel-content rounded-window-bottom -->
        </div> <!-- panel -->
        <div panel-name="ignored-methods-All_Test_Suite" class="panel">
          <div class="main-panel-header rounded-window-top">
            <span class="header-content">10 ignored methods</span>
          </div> <!-- main-panel-header rounded-window-top -->
          <div class="main-panel-content rounded-window-bottom">
            <div class="ignored-class-div">
              <span class="ignored-class-name">gui.tests.profile.UpdateProfileInfoTest</span>
              <div class="ignored-methods-div">
                <span class="ignored-method-name">setupTestSuite</span>
                <br/>
                <span class="ignored-method-name">deleteDownloadedFiles</span>
                <br/>
              </div> <!-- ignored-methods-div -->
            </div> <!-- ignored-class-div -->
            <div class="ignored-class-div">
              <span class="ignored-class-name">gui.tests.profile.UploadPictureTest</span>
              <div class="ignored-methods-div">
                <span class="ignored-method-name">setupTestSuite</span>
                <br/>
                <span class="ignored-method-name">deleteDownloadedFiles</span>
                <br/>
              </div> <!-- ignored-methods-div -->
            </div> <!-- ignored-class-div -->
            <div class="ignored-class-div">
              <span class="ignored-class-name">gui.tests.registration.RegistrationTest</span>
              <div class="ignored-methods-div">
                <span class="ignored-method-name">deleteDownloadedFiles</span>
                <br/>
                <span class="ignored-method-name">setupTestSuite</span>
                <br/>
              </div> <!-- ignored-methods-div -->
            </div> <!-- ignored-class-div -->
            <div class="ignored-class-div">
              <span class="ignored-class-name">gui.tests.registration.HandleErrorsRegistrationTest</span>
              <div class="ignored-methods-div">
                <span class="ignored-method-name">deleteDownloadedFiles</span>
                <br/>
                <span class="ignored-method-name">setupTestSuite</span>
                <br/>
              </div> <!-- ignored-methods-div -->
            </div> <!-- ignored-class-div -->
            <div class="ignored-class-div">
              <span class="ignored-class-name">gui.tests.post.LikePostImageTest</span>
              <div class="ignored-methods-div">
                <span class="ignored-method-name">setupTestSuite</span>
                <br/>
                <span class="ignored-method-name">deleteDownloadedFiles</span>
                <br/>
              </div> <!-- ignored-methods-div -->
            </div> <!-- ignored-class-div -->
          </div> <!-- main-panel-content rounded-window-bottom -->
        </div> <!-- panel -->
        <div panel-name="chronological-All_Test_Suite" class="panel">
          <div class="main-panel-header rounded-window-top">
            <span class="header-content">Methods in chronological order</span>
          </div> <!-- main-panel-header rounded-window-top -->
          <div class="main-panel-content rounded-window-bottom">
            <div class="chronological-class">
              <div class="chronological-class-name">gui.tests.login.LoginTest</div> <!-- chronological-class-name -->
              <div class="configuration-suite before">
                <span class="method-name">setupTestSuite</span>
                <span class="method-start">0 ms</span>
              </div> <!-- configuration-suite before -->
              <div class="configuration-method before">
                <span class="method-name">setUp(chrome, org.testng.TestRunner@69f3e556, public void gui.tests.login.LoginTest.verifyUserCanNavigateT...)</span>
                <span class="method-start">55 ms</span>
              </div> <!-- configuration-method before -->
              <div class="test-method">
                <span class="method-name">verifyUserCanNavigateToLoginPageViaNavigationLoginButton</span>
                <span class="method-start">46934 ms</span>
              </div> <!-- test-method -->
              <div class="configuration-method after">
                <span class="method-name">tearDown([TestResult name=verifyUserCanNavigateToLoginPageViaNavigationLoginButton status=SUCCESS method=Logi...)</span>
                <span class="method-start">71745 ms</span>
              </div> <!-- configuration-method after -->
            </div> <!-- chronological-class -->
            <div class="chronological-class">
              <div class="chronological-class-name">gui.tests.post.LikePostImageTest</div> <!-- chronological-class-name -->
              <div class="configuration-method before">
                <span class="method-name">setUp(chrome, org.testng.TestRunner@69f3e556, public void gui.tests.post.LikePostImageTest.verifyUserCanLi...)</span>
                <span class="method-start">71902 ms</span>
              </div> <!-- configuration-method before -->
              <div class="test-method">
                <span class="method-name">verifyUserCanLikeFirstImage</span>
                <span class="method-start">78641 ms</span>
              </div> <!-- test-method -->
              <div class="configuration-method after">
                <span class="method-name">tearDown([TestResult name=verifyUserCanLikeFirstImage status=SUCCESS method=LikePostImageTest.verifyUserCanLi...)</span>
                <span class="method-start">103206 ms</span>
              </div> <!-- configuration-method after -->
            </div> <!-- chronological-class -->
            <div class="chronological-class">
              <div class="chronological-class-name">gui.tests.profile.UpdateProfileInfoTest</div> <!-- chronological-class-name -->
              <div class="configuration-method before">
                <span class="method-name">setUp(chrome, org.testng.TestRunner@69f3e556, public void gui.tests.profile.UpdateProfileInfoTest.verifyUs...)</span>
                <span class="method-start">103396 ms</span>
              </div> <!-- configuration-method before -->
              <div class="test-method">
                <span class="method-name">verifyUserCanEditProfilePublicInfo</span>
                <span class="method-start">110149 ms</span>
              </div> <!-- test-method -->
              <div class="configuration-method after">
                <span class="method-name">tearDown([TestResult name=verifyUserCanEditProfilePublicInfo status=SUCCESS method=UpdateProfileInfoTest.veri...)</span>
                <span class="method-start">142935 ms</span>
              </div> <!-- configuration-method after -->
            </div> <!-- chronological-class -->
            <div class="chronological-class">
              <div class="chronological-class-name">gui.tests.profile.UploadPictureTest</div> <!-- chronological-class-name -->
              <div class="configuration-method before">
                <span class="method-name">setUp(chrome, org.testng.TestRunner@69f3e556, public void gui.tests.profile.UploadPictureTest.verifyUserCa...)</span>
                <span class="method-start">143122 ms</span>
              </div> <!-- configuration-method before -->
              <div class="test-method">
                <img src="failed.png">
                </img>
                <span class="method-name">verifyUserCanUpdateProfilePicture(gandalf, thegray, /Users/dmuser/Desktop/TAF/src/test/resources/upload/testUpload.jpg)</span>
                <span class="method-start">149946 ms</span>
              </div> <!-- test-method -->
              <div class="configuration-method after">
                <span class="method-name">tearDown([TestResult name=verifyUserCanUpdateProfilePicture status=FAILURE method=UploadPictureTest.verifyUse...)</span>
                <span class="method-start">186316 ms</span>
              </div> <!-- configuration-method after -->
            </div> <!-- chronological-class -->
            <div class="chronological-class">
              <div class="chronological-class-name">gui.tests.registration.HandleErrorsRegistrationTest</div> <!-- chronological-class-name -->
              <div class="configuration-method before">
                <span class="method-name">setUp(chrome, org.testng.TestRunner@69f3e556, public void gui.tests.registration.HandleErrorsRegistrationT...)</span>
                <span class="method-start">186857 ms</span>
              </div> <!-- configuration-method before -->
              <div class="test-method">
                <span class="method-name">verifyUserCannotRegisterWithOneCharUsername</span>
                <span class="method-start">193676 ms</span>
              </div> <!-- test-method -->
              <div class="configuration-method after">
                <span class="method-name">tearDown([TestResult name=verifyUserCannotRegisterWithOneCharUsername status=SUCCESS method=HandleErrorsRegis...)</span>
                <span class="method-start">228779 ms</span>
              </div> <!-- configuration-method after -->
              <div class="configuration-method before">
                <span class="method-name">setUp(chrome, org.testng.TestRunner@69f3e556, public void gui.tests.registration.HandleErrorsRegistrationT...)</span>
                <span class="method-start">228893 ms</span>
              </div> <!-- configuration-method before -->
              <div class="test-method">
                <span class="method-name">verifyUserCannotRegisterWithLessThanSixCharsPassword</span>
                <span class="method-start">235609 ms</span>
              </div> <!-- test-method -->
              <div class="configuration-method after">
                <span class="method-name">tearDown([TestResult name=verifyUserCannotRegisterWithLessThanSixCharsPassword status=SUCCESS method=HandleEr...)</span>
                <span class="method-start">270706 ms</span>
              </div> <!-- configuration-method after -->
            </div> <!-- chronological-class -->
            <div class="chronological-class">
              <div class="chronological-class-name">gui.tests.registration.RegistrationTest</div> <!-- chronological-class-name -->
              <div class="configuration-method before">
                <span class="method-name">setUp(chrome, org.testng.TestRunner@69f3e556, public void gui.tests.registration.RegistrationTest.verifyUs...)</span>
                <span class="method-start">270822 ms</span>
              </div> <!-- configuration-method before -->
              <div class="test-method">
                <span class="method-name">verifyUserCanRegisterWithValidData</span>
                <span class="method-start">277613 ms</span>
              </div> <!-- test-method -->
              <div class="configuration-method after">
                <span class="method-name">tearDown([TestResult name=verifyUserCanRegisterWithValidData status=SUCCESS method=RegistrationTest.verifyUse...)</span>
                <span class="method-start">307615 ms</span>
              </div> <!-- configuration-method after -->
            </div> <!-- chronological-class -->
            <div class="chronological-class">
              <div class="chronological-class-name">gui.tests.login.LoginTest</div> <!-- chronological-class-name -->
              <div class="configuration-suite after">
                <span class="method-name">deleteDownloadedFiles</span>
                <span class="method-start">307854 ms</span>
              </div> <!-- configuration-suite after -->
          </div> <!-- main-panel-content rounded-window-bottom -->
        </div> <!-- panel -->
      </div> <!-- main-panel-root -->
    </div> <!-- wrapper -->
  </body>
<script type="text/javascript" src="testng-reports2.js"></script>
</html>
